Traceback (most recent call last):
  File "/Users/gabrielfalcao/projects/personal/notequalia/.venv/bin/salmon", line 8, in <module>
    sys.exit(main())
  File "/Users/gabrielfalcao/projects/personal/notequalia/.venv/lib/python3.7/site-packages/click/core.py", line 829, in __call__
    return self.main(*args, **kwargs)
  File "/Users/gabrielfalcao/projects/personal/notequalia/.venv/lib/python3.7/site-packages/click/core.py", line 782, in main
    rv = self.invoke(ctx)
  File "/Users/gabrielfalcao/projects/personal/notequalia/.venv/lib/python3.7/site-packages/click/core.py", line 1259, in invoke
    return _process_result(sub_ctx.command.invoke(sub_ctx))
  File "/Users/gabrielfalcao/projects/personal/notequalia/.venv/lib/python3.7/site-packages/click/core.py", line 1066, in invoke
    return ctx.invoke(self.callback, **ctx.params)
  File "/Users/gabrielfalcao/projects/personal/notequalia/.venv/lib/python3.7/site-packages/click/core.py", line 610, in invoke
    return callback(*args, **kwargs)
  File "/Users/gabrielfalcao/projects/personal/notequalia/.venv/lib/python3.7/site-packages/salmon/commands.py", line 158, in start
    lambda: utils.import_settings(True, boot_module=boot), debug, daemon)
  File "/Users/gabrielfalcao/projects/personal/notequalia/.venv/lib/python3.7/site-packages/salmon/utils.py", line 129, in start_server
    settings = settings_loader()
  File "/Users/gabrielfalcao/projects/personal/notequalia/.venv/lib/python3.7/site-packages/salmon/commands.py", line 158, in <lambda>
    lambda: utils.import_settings(True, boot_module=boot), debug, daemon)
  File "/Users/gabrielfalcao/projects/personal/notequalia/.venv/lib/python3.7/site-packages/salmon/utils.py", line 33, in import_settings
    settings = importlib.import_module(settings_module)
  File "/usr/local/Cellar/python/3.7.6_1/Frameworks/Python.framework/Versions/3.7/lib/python3.7/importlib/__init__.py", line 127, in import_module
    return _bootstrap._gcd_import(name[level:], package, level)
  File "<frozen importlib._bootstrap>", line 1006, in _gcd_import
  File "<frozen importlib._bootstrap>", line 983, in _find_and_load
  File "<frozen importlib._bootstrap>", line 953, in _find_and_load_unlocked
  File "<frozen importlib._bootstrap>", line 219, in _call_with_frames_removed
  File "<frozen importlib._bootstrap>", line 1006, in _gcd_import
  File "<frozen importlib._bootstrap>", line 983, in _find_and_load
  File "<frozen importlib._bootstrap>", line 965, in _find_and_load_unlocked
ModuleNotFoundError: No module named 'config'
